[2025-07-10 12:20:46] [NOTICE] session_start(): Ignoring session_start() because a session is already active in D:\Program files\xampp\htdocs\fsa\citas.php on line 7
[2025-07-10 12:21:25] [NOTICE] session_start(): Ignoring session_start() because a session is already active in D:\Program files\xampp\htdocs\fsa\cancelar-cita.php on line 7
[2025-07-11 09:28:26] [WARNING] Undefined variable $htmlspecialchars in D:\Program files\xampp\htdocs\fsa\index.php on line 97
[2025-07-11 09:28:53] [WARNING] Undefined array key "icono" in D:\Program files\xampp\htdocs\fsa\index.php on line 97
[2025-07-11 09:28:53] [WARNING] Undefined array key "icono" in D:\Program files\xampp\htdocs\fsa\index.php on line 97
[2025-07-11 09:28:53] [WARNING] Undefined array key "icono" in D:\Program files\xampp\htdocs\fsa\index.php on line 97
[2025-07-11 09:28:53] [WARNING] Undefined array key "icono" in D:\Program files\xampp\htdocs\fsa\index.php on line 97
[2025-07-11 09:28:53] [WARNING] Undefined array key "icono" in D:\Program files\xampp\htdocs\fsa\index.php on line 97
[2025-07-11 09:42:09] [WARNING] Undefined array key "icono" in D:\Program files\xampp\htdocs\fsa\admin\servicios.php on line 34
[2025-07-11 09:44:11] [WARNING] Undefined array key "icono" in D:\Program files\xampp\htdocs\fsa\admin\servicios.php on line 34
[2025-07-11 09:45:23] [WARNING] Undefined array key "icono" in D:\Program files\xampp\htdocs\fsa\admin\servicios.php on line 34
[2025-07-11 09:45:30] [WARNING] Undefined array key "icono" in D:\Program files\xampp\htdocs\fsa\admin\servicios.php on line 34
[2025-08-08 11:43:40] [NOTICE] session_start(): Ignoring session_start() because a session is already active in D:\Program files\xampp\htdocs\fsa\citas.php on line 7
[2025-08-19 10:33:07] [NOTICE] session_start(): Ignoring session_start() because a session is already active in D:\Program files\xampp\htdocs\fsa\citas.php on line 7
[2025-08-19 10:34:04] [NOTICE] session_start(): Ignoring session_start() because a session is already active in D:\Program files\xampp\htdocs\fsa\cancelar-cita.php on line 7
[2025-08-19 11:36:05] [WARNING] file_put_contents(D:\Program files\xampp\htdocs\fsa\includes/../cache/featured_products.json): Failed to open stream: No such file or directory in D:\Program files\xampp\htdocs\fsa\includes\functions.php on line 42
[2025-08-19 11:36:13] [WARNING] file_put_contents(D:\Program files\xampp\htdocs\fsa\includes/../cache/featured_products.json): Failed to open stream: No such file or directory in D:\Program files\xampp\htdocs\fsa\includes\functions.php on line 42
[2025-08-19 11:37:26] [WARNING] file_put_contents(D:\Program files\xampp\htdocs\fsa\includes/../cache/featured_products.json): Failed to open stream: No such file or directory in D:\Program files\xampp\htdocs\fsa\includes\functions.php on line 42
[2025-08-19 11:38:42] [WARNING] file_put_contents(D:\Program files\xampp\htdocs\fsa\includes/../cache/featured_products.json): Failed to open stream: No such file or directory in D:\Program files\xampp\htdocs\fsa\includes\functions.php on line 42
[2025-08-19 11:40:26] [WARNING] file_put_contents(D:\Program files\xampp\htdocs\fsa\includes/../cache/featured_products.json): Failed to open stream: No such file or directory in D:\Program files\xampp\htdocs\fsa\includes\functions.php on line 42
[2025-08-19 11:42:17] [WARNING] file_put_contents(D:\Program files\xampp\htdocs\fsa\includes/../cache/featured_products.json): Failed to open stream: No such file or directory in D:\Program files\xampp\htdocs\fsa\includes\functions.php on line 42
[2025-08-19 11:43:03] [WARNING] file_put_contents(D:\Program files\xampp\htdocs\fsa\includes/../cache/featured_products.json): Failed to open stream: No such file or directory in D:\Program files\xampp\htdocs\fsa\includes\functions.php on line 42
[2025-08-19 11:44:09] [WARNING] file_put_contents(D:\Program files\xampp\htdocs\fsa\includes/../cache/featured_products.json): Failed to open stream: No such file or directory in D:\Program files\xampp\htdocs\fsa\includes\functions.php on line 42
[2025-08-19 11:46:12] [WARNING] file_put_contents(D:\Program files\xampp\htdocs\fsa\includes/../cache/featured_products.json): Failed to open stream: No such file or directory in D:\Program files\xampp\htdocs\fsa\includes\functions.php on line 42
[2025-08-19 11:46:12] [WARNING] getimagesize(D:\Program files\xampp\htdocs\fsa\includes/../uploads/): Failed to open stream: No such file or directory in D:\Program files\xampp\htdocs\fsa\includes\functions.php on line 73
[2025-08-19 11:46:12] [WARNING] getimagesize(D:\Program files\xampp\htdocs\fsa\includes/../uploads/): Failed to open stream: No such file or directory in D:\Program files\xampp\htdocs\fsa\includes\functions.php on line 73
[2025-08-19 11:47:19] [WARNING] file_put_contents(D:\Program files\xampp\htdocs\fsa\includes/../cache/featured_products.json): Failed to open stream: No such file or directory in D:\Program files\xampp\htdocs\fsa\includes\functions.php on line 42
[2025-08-19 11:47:19] [WARNING] getimagesize(D:\Program files\xampp\htdocs\fsa\includes/../uploads/productos/): Failed to open stream: No such file or directory in D:\Program files\xampp\htdocs\fsa\includes\functions.php on line 73
[2025-08-19 11:47:19] [WARNING] getimagesize(D:\Program files\xampp\htdocs\fsa\includes/../uploads/productos/): Failed to open stream: No such file or directory in D:\Program files\xampp\htdocs\fsa\includes\functions.php on line 73
[2025-08-19 11:47:49] [WARNING] file_put_contents(D:\Program files\xampp\htdocs\fsa\includes/../cache/featured_products.json): Failed to open stream: No such file or directory in D:\Program files\xampp\htdocs\fsa\includes\functions.php on line 42
[2025-08-19 11:49:02] [WARNING] file_put_contents(D:\Program files\xampp\htdocs\fsa\includes/../cache/featured_products.json): Failed to open stream: No such file or directory in D:\Program files\xampp\htdocs\fsa\includes\functions.php on line 42
[2025-08-19 11:49:27] [WARNING] file_put_contents(D:\Program files\xampp\htdocs\fsa\includes/../cache/featured_products.json): Failed to open stream: No such file or directory in D:\Program files\xampp\htdocs\fsa\includes\functions.php on line 42
[2025-08-19 11:51:00] [WARNING] file_put_contents(D:\Program files\xampp\htdocs\fsa\includes/../cache/featured_products.json): Failed to open stream: No such file or directory in D:\Program files\xampp\htdocs\fsa\includes\functions.php on line 42
[2025-08-19 11:52:55] [WARNING] file_put_contents(D:\Program files\xampp\htdocs\fsa\includes/../cache/featured_products.json): Failed to open stream: No such file or directory in D:\Program files\xampp\htdocs\fsa\includes\functions.php on line 42
[2025-08-19 11:56:43] [WARNING] file_put_contents(D:\Program files\xampp\htdocs\fsa\includes/../cache/featured_products.json): Failed to open stream: No such file or directory in D:\Program files\xampp\htdocs\fsa\includes\functions.php on line 42
[2025-08-19 11:58:18] [WARNING] file_put_contents(D:\Program files\xampp\htdocs\fsa\includes/../cache/featured_products.json): Failed to open stream: No such file or directory in D:\Program files\xampp\htdocs\fsa\includes\functions.php on line 42
[2025-08-19 11:58:38] [WARNING] file_put_contents(D:\Program files\xampp\htdocs\fsa\includes/../cache/featured_products.json): Failed to open stream: No such file or directory in D:\Program files\xampp\htdocs\fsa\includes\functions.php on line 42
[2025-08-19 12:00:55] [WARNING] file_put_contents(D:\Program files\xampp\htdocs\fsa\includes/../cache/featured_products.json): Failed to open stream: No such file or directory in D:\Program files\xampp\htdocs\fsa\includes\functions.php on line 42
[2025-08-19 12:04:26] [WARNING] file_put_contents(D:\Program files\xampp\htdocs\fsa\includes/../cache/featured_products.json): Failed to open stream: No such file or directory in D:\Program files\xampp\htdocs\fsa\includes\functions.php on line 42
[2025-08-19 12:05:13] [WARNING] file_put_contents(D:\Program files\xampp\htdocs\fsa\includes/../cache/featured_products.json): Failed to open stream: No such file or directory in D:\Program files\xampp\htdocs\fsa\includes\functions.php on line 42
[2025-08-19 12:06:09] [WARNING] file_put_contents(D:\Program files\xampp\htdocs\fsa\includes/../cache/featured_products.json): Failed to open stream: No such file or directory in D:\Program files\xampp\htdocs\fsa\includes\functions.php on line 42
[2025-08-19 12:06:21] [WARNING] file_put_contents(D:\Program files\xampp\htdocs\fsa\includes/../cache/featured_products.json): Failed to open stream: No such file or directory in D:\Program files\xampp\htdocs\fsa\includes\functions.php on line 42
[2025-08-19 12:06:36] [WARNING] file_put_contents(D:\Program files\xampp\htdocs\fsa\includes/../cache/featured_products.json): Failed to open stream: No such file or directory in D:\Program files\xampp\htdocs\fsa\includes\functions.php on line 42
[2025-08-19 12:06:42] [WARNING] file_put_contents(D:\Program files\xampp\htdocs\fsa\includes/../cache/featured_products.json): Failed to open stream: No such file or directory in D:\Program files\xampp\htdocs\fsa\includes\functions.php on line 42
[2025-08-19 12:06:54] [WARNING] file_put_contents(D:\Program files\xampp\htdocs\fsa\includes/../cache/featured_products.json): Failed to open stream: No such file or directory in D:\Program files\xampp\htdocs\fsa\includes\functions.php on line 42
[2025-08-19 12:07:01] [WARNING] file_put_contents(D:\Program files\xampp\htdocs\fsa\includes/../cache/featured_products.json): Failed to open stream: No such file or directory in D:\Program files\xampp\htdocs\fsa\includes\functions.php on line 42
[2025-08-19 12:07:40] [WARNING] file_put_contents(D:\Program files\xampp\htdocs\fsa\includes/../cache/featured_products.json): Failed to open stream: No such file or directory in D:\Program files\xampp\htdocs\fsa\includes\functions.php on line 42
[2025-08-19 12:07:57] [WARNING] file_put_contents(D:\Program files\xampp\htdocs\fsa\includes/../cache/featured_products.json): Failed to open stream: No such file or directory in D:\Program files\xampp\htdocs\fsa\includes\functions.php on line 42
[2025-08-19 12:11:01] [WARNING] file_put_contents(D:\Program files\xampp\htdocs\fsa\includes/../cache/featured_products.json): Failed to open stream: No such file or directory in D:\Program files\xampp\htdocs\fsa\includes\functions.php on line 42
[2025-08-19 12:11:05] [WARNING] file_put_contents(D:\Program files\xampp\htdocs\fsa\includes/../cache/featured_products.json): Failed to open stream: No such file or directory in D:\Program files\xampp\htdocs\fsa\includes\functions.php on line 42
[2025-08-19 12:11:32] [WARNING] file_put_contents(D:\Program files\xampp\htdocs\fsa\includes/../cache/featured_products.json): Failed to open stream: No such file or directory in D:\Program files\xampp\htdocs\fsa\includes\functions.php on line 42
[2025-08-19 12:11:50] [WARNING] file_put_contents(D:\Program files\xampp\htdocs\fsa\includes/../cache/featured_products.json): Failed to open stream: No such file or directory in D:\Program files\xampp\htdocs\fsa\includes\functions.php on line 42
[2025-08-19 12:12:06] [WARNING] file_put_contents(D:\Program files\xampp\htdocs\fsa\includes/../cache/featured_products.json): Failed to open stream: No such file or directory in D:\Program files\xampp\htdocs\fsa\includes\functions.php on line 42
[2025-08-19 12:12:19] [WARNING] file_put_contents(D:\Program files\xampp\htdocs\fsa\includes/../cache/featured_products.json): Failed to open stream: No such file or directory in D:\Program files\xampp\htdocs\fsa\includes\functions.php on line 42
[2025-08-19 12:12:41] [WARNING] file_put_contents(D:\Program files\xampp\htdocs\fsa\includes/../cache/featured_products.json): Failed to open stream: No such file or directory in D:\Program files\xampp\htdocs\fsa\includes\functions.php on line 42
[2025-08-19 12:12:54] [WARNING] file_put_contents(D:\Program files\xampp\htdocs\fsa\includes/../cache/featured_products.json): Failed to open stream: No such file or directory in D:\Program files\xampp\htdocs\fsa\includes\functions.php on line 42
[2025-08-19 12:13:08] [WARNING] file_put_contents(D:\Program files\xampp\htdocs\fsa\includes/../cache/featured_products.json): Failed to open stream: No such file or directory in D:\Program files\xampp\htdocs\fsa\includes\functions.php on line 42
[2025-08-19 12:13:22] [WARNING] file_put_contents(D:\Program files\xampp\htdocs\fsa\includes/../cache/featured_products.json): Failed to open stream: No such file or directory in D:\Program files\xampp\htdocs\fsa\includes\functions.php on line 42
[2025-08-19 12:13:36] [WARNING] file_put_contents(D:\Program files\xampp\htdocs\fsa\includes/../cache/featured_products.json): Failed to open stream: No such file or directory in D:\Program files\xampp\htdocs\fsa\includes\functions.php on line 42
[2025-08-19 12:13:48] [WARNING] file_put_contents(D:\Program files\xampp\htdocs\fsa\includes/../cache/featured_products.json): Failed to open stream: No such file or directory in D:\Program files\xampp\htdocs\fsa\includes\functions.php on line 42
[2025-08-19 12:14:56] [WARNING] file_put_contents(D:\Program files\xampp\htdocs\fsa\includes/../cache/featured_products.json): Failed to open stream: No such file or directory in D:\Program files\xampp\htdocs\fsa\includes\functions.php on line 42
[2025-08-19 12:15:16] [WARNING] file_put_contents(D:\Program files\xampp\htdocs\fsa\includes/../cache/featured_products.json): Failed to open stream: No such file or directory in D:\Program files\xampp\htdocs\fsa\includes\functions.php on line 42
[2025-08-19 12:16:13] [WARNING] file_put_contents(D:\Program files\xampp\htdocs\fsa\includes/../cache/featured_products.json): Failed to open stream: No such file or directory in D:\Program files\xampp\htdocs\fsa\includes\functions.php on line 42
[2025-08-19 12:16:29] [WARNING] file_put_contents(D:\Program files\xampp\htdocs\fsa\includes/../cache/featured_products.json): Failed to open stream: No such file or directory in D:\Program files\xampp\htdocs\fsa\includes\functions.php on line 42
[2025-08-19 12:29:19] [WARNING] file_put_contents(D:\Program files\xampp\htdocs\fsa\includes/../cache/featured_products.json): Failed to open stream: No such file or directory in D:\Program files\xampp\htdocs\fsa\includes\functions.php on line 42
[2025-08-19 12:39:49] [WARNING] file_put_contents(D:\Program files\xampp\htdocs\fsa\includes/../cache/featured_products.json): Failed to open stream: No such file or directory in D:\Program files\xampp\htdocs\fsa\includes\functions.php on line 42
[2025-08-19 12:40:08] [WARNING] file_put_contents(D:\Program files\xampp\htdocs\fsa\includes/../cache/featured_products.json): Failed to open stream: No such file or directory in D:\Program files\xampp\htdocs\fsa\includes\functions.php on line 42
[2025-08-19 12:42:33] [WARNING] file_put_contents(D:\Program files\xampp\htdocs\fsa\includes/../cache/featured_products.json): Failed to open stream: No such file or directory in D:\Program files\xampp\htdocs\fsa\includes\functions.php on line 42
[2025-08-19 12:42:59] [WARNING] file_put_contents(D:\Program files\xampp\htdocs\fsa\includes/../cache/featured_products.json): Failed to open stream: No such file or directory in D:\Program files\xampp\htdocs\fsa\includes\functions.php on line 42
[2025-08-19 12:43:17] [WARNING] file_put_contents(D:\Program files\xampp\htdocs\fsa\includes/../cache/featured_products.json): Failed to open stream: No such file or directory in D:\Program files\xampp\htdocs\fsa\includes\functions.php on line 42
[2025-08-19 12:43:29] [WARNING] file_put_contents(D:\Program files\xampp\htdocs\fsa\includes/../cache/featured_products.json): Failed to open stream: No such file or directory in D:\Program files\xampp\htdocs\fsa\includes\functions.php on line 42
[2025-08-19 12:45:00] [WARNING] file_put_contents(D:\Program files\xampp\htdocs\fsa\includes/../cache/featured_products.json): Failed to open stream: No such file or directory in D:\Program files\xampp\htdocs\fsa\includes\functions.php on line 42
[2025-08-19 12:47:21] [WARNING] file_put_contents(D:\Program files\xampp\htdocs\fsa\includes/../cache/featured_products.json): Failed to open stream: No such file or directory in D:\Program files\xampp\htdocs\fsa\includes\functions.php on line 42
